<?xml version="1.0" encoding="UTF-8"?>
<testng-results ignored="0" total="2" passed="2" failed="0" skipped="0">
  <reporter-output>
  </reporter-output>
  <suite started-at="2021-11-20T14:21:08 IST" name="Suite" finished-at="2021-11-20T14:22:09 IST" duration-ms="60738">
    <groups>
    </groups>
    <test started-at="2021-11-20T14:21:08 IST" name="Test" finished-at="2021-11-20T14:22:09 IST" duration-ms="60738">
      <class name="Test.ValidatePaymentScreen">
        <test-method is-config="true" signature="intiate()[pri:0, instance:Test.ValidatePaymentScreen@34f5090e]" started-at="2021-11-20T14:21:08 IST" name="intiate" finished-at="2021-11-20T14:21:30 IST" duration-ms="22108" status="PASS">
          <reporter-output>
          </reporter-output>
        </test-method> <!-- intiate -->
        <test-method signature="validatePaymentScreen()[pri:1, instance:Test.ValidatePaymentScreen@34f5090e]" started-at="2021-11-20T14:21:30 IST" name="validatePaymentScreen" finished-at="2021-11-20T14:21:58 IST" duration-ms="27994" status="PASS">
          <reporter-output>
          </reporter-output>
        </test-method> <!-- validatePaymentScreen -->
        <test-method signature="validateSuccessMessage()[pri:2, instance:Test.ValidatePaymentScreen@34f5090e]" started-at="2021-11-20T14:21:58 IST" name="validateSuccessMessage" finished-at="2021-11-20T14:22:09 IST" duration-ms="10549" status="PASS">
          <reporter-output>
          </reporter-output>
        </test-method> <!-- validateSuccessMessage -->
      </class> <!-- Test.ValidatePaymentScreen -->
    </test> <!-- Test -->
  </suite> <!-- Suite -->
</testng-results>
